[debug] [2026-06-20T05:56:56.357Z] ----------------------------------------------------------------------
[debug] [2026-06-20T05:56:56.360Z] Command:       C:\Program Files\nodejs\node.exe C:\Users\darwa\AppData\Roaming\npm\node_modules\firebase-tools\lib\bin\firebase.js login --debug
[debug] [2026-06-20T05:56:56.360Z] CLI Version:   13.35.1
[debug] [2026-06-20T05:56:56.360Z] Platform:      win32
[debug] [2026-06-20T05:56:56.360Z] Node Version:  v22.23.0
[debug] [2026-06-20T05:56:56.361Z] Time:          Fri Jun 19 2026 23:56:56 GMT-0600 (Central Standard Time)
[debug] [2026-06-20T05:56:56.361Z] ----------------------------------------------------------------------
[debug] 
[info] i  Firebase optionally collects CLI and Emulator Suite usage and error reporting information to help improve our products. Data is collected in accordance with Google's privacy policy (https://policies.google.com/privacy) and is not used to identify you.
 
[info] 
[info] Visit this URL on this device to log in:
[info] https://accounts.google.com/o/oauth2/auth?client_id=563584335869-fgrhgmd47bqnekij5i8b5pr03ho849e6.apps.googleusercontent.com&scope=email%20openid%20https%3A%2F%2Fwww.googleapis.com%2Fauth%2Fcloudplatformprojects.readonly%20https%3A%2F%2Fwww.googleapis.com%2Fauth%2Ffirebase%20https%3A%2F%2Fwww.googleapis.com%2Fauth%2Fcloud-platform&response_type=code&state=608146910&redirect_uri=http%3A%2F%2Flocalhost%3A9005
[info] 
[info] Waiting for authentication...
[debug] [2026-06-20T05:57:13.372Z] >>> [apiv2][query] POST https://accounts.google.com/o/oauth2/token [none]
[debug] [2026-06-20T05:57:13.373Z] >>> [apiv2][body] POST https://accounts.google.com/o/oauth2/token [omitted]
[debug] [2026-06-20T05:57:13.615Z] Token Fetch Error: FirebaseError: FetchError: Invalid response body while trying to fetch https://accounts.google.com/o/oauth2/token: Premature close
    at RetryOperation._fn (C:\Users\darwa\AppData\Roaming\npm\node_modules\firebase-tools\lib\apiv2.js:296:88)
    at process.processTicksAndRejections (node:internal/process/task_queues:103:5)
[error] Authentication Error: Your credentials are no longer valid. Please run firebase login --reauth

For CI servers and headless environments, generate a new token with firebase login:ci
[debug] [2026-06-20T05:57:13.618Z] >>> [apiv2][query] POST https://auth.firebase.tools/attest [none]
[debug] [2026-06-20T05:57:13.618Z] >>> [apiv2][body] POST https://auth.firebase.tools/attest {"session_id":"21c5ea41-e912-4752-ad7a-69c225203379"}
[debug] [2026-06-20T05:57:13.881Z] <<< [apiv2][status] POST https://auth.firebase.tools/attest 200
[debug] [2026-06-20T05:57:13.881Z] <<< [apiv2][body] POST https://auth.firebase.tools/attest {"token":"HIkCMv8Scy7-uY4Sk9aH_cG-ReXPC4iEE75rwzoZ8yQ"}
[info] 
[info] To sign in to the Firebase CLI:
[info] 
[info] 1. Take note of your session ID:
[info] 
[info]    21C5E
[info] 
[info] 2. Visit the URL below on any device and follow the instructions to get your code:
[info] 
[info]    https://auth.firebase.tools/login?code_challenge=iKSLvk7UNuGbvi2kbDlysAW24ZKiN3sV5QhhgFY4F1Q&session=21c5ea41-e912-4752-ad7a-69c225203379&attest=HIkCMv8Scy7-uY4Sk9aH_cG-ReXPC4iEE75rwzoZ8yQ
[info] 
[info] 3. Paste or enter the authorization code below once you have it:
[info] 
[debug] [2026-06-20T05:57:54.070Z] >>> [apiv2][query] POST https://accounts.google.com/o/oauth2/token [none]
[debug] [2026-06-20T05:57:54.070Z] >>> [apiv2][body] POST https://accounts.google.com/o/oauth2/token [omitted]
[debug] [2026-06-20T05:57:54.221Z] Token Fetch Error: FirebaseError: FetchError: Invalid response body while trying to fetch https://accounts.google.com/o/oauth2/token: Premature close
    at RetryOperation._fn (C:\Users\darwa\AppData\Roaming\npm\node_modules\firebase-tools\lib\apiv2.js:296:88)
    at process.processTicksAndRejections (node:internal/process/task_queues:103:5)
[error] Authentication Error: Your credentials are no longer valid. Please run firebase login --reauth

For CI servers and headless environments, generate a new token with firebase login:ci
[error] 
[error] Error: Unable to authenticate using the provided code. Please try again.
[debug] [2026-06-20T05:57:58.941Z] ----------------------------------------------------------------------
[debug] [2026-06-20T05:57:58.944Z] Command:       C:\Program Files\nodejs\node.exe C:\Users\darwa\AppData\Roaming\npm\node_modules\firebase-tools\lib\bin\firebase.js login --debug
[debug] [2026-06-20T05:57:58.944Z] CLI Version:   13.35.1
[debug] [2026-06-20T05:57:58.944Z] Platform:      win32
[debug] [2026-06-20T05:57:58.944Z] Node Version:  v22.23.0
[debug] [2026-06-20T05:57:58.944Z] Time:          Fri Jun 19 2026 23:57:58 GMT-0600 (Central Standard Time)
[debug] [2026-06-20T05:57:58.945Z] ----------------------------------------------------------------------
[debug] 
[info] i  Firebase optionally collects CLI and Emulator Suite usage and error reporting information to help improve our products. Data is collected in accordance with Google's privacy policy (https://policies.google.com/privacy) and is not used to identify you.
 
[info] 
[info] Visit this URL on this device to log in:
[info] https://accounts.google.com/o/oauth2/auth?client_id=563584335869-fgrhgmd47bqnekij5i8b5pr03ho849e6.apps.googleusercontent.com&scope=email%20openid%20https%3A%2F%2Fwww.googleapis.com%2Fauth%2Fcloudplatformprojects.readonly%20https%3A%2F%2Fwww.googleapis.com%2Fauth%2Ffirebase%20https%3A%2F%2Fwww.googleapis.com%2Fauth%2Fcloud-platform&response_type=code&state=859598947&redirect_uri=http%3A%2F%2Flocalhost%3A9005
[info] 
[info] Waiting for authentication...
[debug] [2026-06-20T05:58:07.703Z] >>> [apiv2][query] POST https://accounts.google.com/o/oauth2/token [none]
[debug] [2026-06-20T05:58:07.703Z] >>> [apiv2][body] POST https://accounts.google.com/o/oauth2/token [omitted]
[debug] [2026-06-20T05:58:07.913Z] Token Fetch Error: FirebaseError: FetchError: Invalid response body while trying to fetch https://accounts.google.com/o/oauth2/token: Premature close
    at RetryOperation._fn (C:\Users\darwa\AppData\Roaming\npm\node_modules\firebase-tools\lib\apiv2.js:296:88)
    at process.processTicksAndRejections (node:internal/process/task_queues:103:5)
[error] Authentication Error: Your credentials are no longer valid. Please run firebase login --reauth

For CI servers and headless environments, generate a new token with firebase login:ci
[debug] [2026-06-20T05:58:07.916Z] >>> [apiv2][query] POST https://auth.firebase.tools/attest [none]
[debug] [2026-06-20T05:58:07.917Z] >>> [apiv2][body] POST https://auth.firebase.tools/attest {"session_id":"08b36f40-fd04-460a-b890-8677eb9331b7"}
[debug] [2026-06-20T05:58:08.272Z] <<< [apiv2][status] POST https://auth.firebase.tools/attest 200
[debug] [2026-06-20T05:58:08.273Z] <<< [apiv2][body] POST https://auth.firebase.tools/attest {"token":"uCvoPmw5laaG4paFpGI_ZvDAdMkDdyJ4pKYXiNiFxRM"}
[info] 
[info] To sign in to the Firebase CLI:
[info] 
[info] 1. Take note of your session ID:
[info] 
[info]    08B36
[info] 
[info] 2. Visit the URL below on any device and follow the instructions to get your code:
[info] 
[info]    https://auth.firebase.tools/login?code_challenge=1miBSvkLDps3PdDHHlQPZoJerA9hrJZXAbzF44L8sp4&session=08b36f40-fd04-460a-b890-8677eb9331b7&attest=uCvoPmw5laaG4paFpGI_ZvDAdMkDdyJ4pKYXiNiFxRM
[info] 
[info] 3. Paste or enter the authorization code below once you have it:
[info] 
[debug] [2026-06-20T05:58:12.241Z] >>> [apiv2][query] POST https://accounts.google.com/o/oauth2/token [none]
[debug] [2026-06-20T05:58:12.242Z] >>> [apiv2][body] POST https://accounts.google.com/o/oauth2/token [omitted]
[debug] [2026-06-20T05:58:12.303Z] Token Fetch Error: FirebaseError: FetchError: Invalid response body while trying to fetch https://accounts.google.com/o/oauth2/token: Premature close
    at RetryOperation._fn (C:\Users\darwa\AppData\Roaming\npm\node_modules\firebase-tools\lib\apiv2.js:296:88)
    at process.processTicksAndRejections (node:internal/process/task_queues:103:5)
[error] Authentication Error: Your credentials are no longer valid. Please run firebase login --reauth

For CI servers and headless environments, generate a new token with firebase login:ci
[error] 
[error] Error: Unable to authenticate using the provided code. Please try again.
